<?xml version="1.0" encoding="UTF-8"?>
<testng-results skipped="0" failed="0" total="2" passed="2">
  <reporter-output>
  </reporter-output>
  <suite name="Regression Suite" duration-ms="44497" started-at="2017-12-20T04:50:10Z" finished-at="2017-12-20T04:50:55Z">
    <groups>
    </groups>
    <test name="MobileNameSorted" duration-ms="24107" started-at="2017-12-20T04:50:10Z" finished-at="2017-12-20T04:50:34Z">
      <class name="com.MyCompany.eCommProject.testscripts.MyTC1">
        <test-method status="PASS" signature="setUp()[pri:0, instance:com.MyCompany.eCommProject.testscripts.MyTC1@48503868]" name="setUp" is-config="true" duration-ms="20196" started-at="2017-12-19T20:50:10Z" finished-at="2017-12-19T20:50:30Z">
          <reporter-output>
          </reporter-output>
        </test-method> <!-- setUp -->
        <test-method status="PASS" signature="verifyTitle()[pri:0, instance:com.MyCompany.eCommProject.testscripts.MyTC1@48503868]" name="verifyTitle" duration-ms="3305" started-at="2017-12-19T20:50:30Z" description="Check Mobile page Sorted" finished-at="2017-12-19T20:50:34Z">
          <reporter-output>
          </reporter-output>
        </test-method> <!-- verifyTitle -->
        <test-method status="PASS" signature="closeBrowser()[pri:0, instance:com.MyCompany.eCommProject.testscripts.MyTC1@48503868]" name="closeBrowser" is-config="true" duration-ms="554" started-at="2017-12-19T20:50:34Z" finished-at="2017-12-19T20:50:34Z">
          <reporter-output>
          </reporter-output>
        </test-method> <!-- closeBrowser -->
      </class> <!-- com.MyCompany.eCommProject.testscripts.MyTC1 -->
    </test> <!-- MobileNameSorted -->
    <test name="ProductPagePrice" duration-ms="20322" started-at="2017-12-20T04:50:34Z" finished-at="2017-12-20T04:50:55Z">
      <class name="com.MyCompany.eCommProject.testscripts.MyTC2">
        <test-method status="PASS" signature="setUp()[pri:0, instance:com.MyCompany.eCommProject.testscripts.MyTC2@7a1ebcd8]" name="setUp" is-config="true" duration-ms="16747" started-at="2017-12-19T20:50:34Z" finished-at="2017-12-19T20:50:51Z">
          <reporter-output>
          </reporter-output>
        </test-method> <!-- setUp -->
        <test-method status="PASS" signature="costVerify()[pri:0, instance:com.MyCompany.eCommProject.testscripts.MyTC2@7a1ebcd8]" name="costVerify" duration-ms="2980" started-at="2017-12-19T20:50:51Z" description="Verify cost of Product" finished-at="2017-12-19T20:50:54Z">
          <reporter-output>
          </reporter-output>
        </test-method> <!-- costVerify -->
        <test-method status="PASS" signature="closeBrowser()[pri:0, instance:com.MyCompany.eCommProject.testscripts.MyTC2@7a1ebcd8]" name="closeBrowser" is-config="true" duration-ms="592" started-at="2017-12-19T20:50:54Z" finished-at="2017-12-19T20:50:55Z">
          <reporter-output>
          </reporter-output>
        </test-method> <!-- closeBrowser -->
      </class> <!-- com.MyCompany.eCommProject.testscripts.MyTC2 -->
    </test> <!-- ProductPagePrice -->
  </suite> <!-- Regression Suite -->
</testng-results>
